<html>
<head>
<title>TestNG:  RegistrationProcessor Tests</title>
<link href="../testng.css" rel="stylesheet" type="text/css" />
<link href="../my-testng.css" rel="stylesheet" type="text/css" />

<style type="text/css">
.log { display: none;} 
.stack-trace { display: none;} 
</style>
<script type="text/javascript">
<!--
function flip(e) {
  current = e.style.display;
  if (current == 'block') {
    e.style.display = 'none';
    return 0;
  }
  else {
    e.style.display = 'block';
    return 1;
  }
}

function toggleBox(szDivId, elem, msg1, msg2)
{
  var res = -1;  if (document.getElementById) {
    res = flip(document.getElementById(szDivId));
  }
  else if (document.all) {
    // this is the way old msie versions work
    res = flip(document.all[szDivId]);
  }
  if(elem) {
    if(res == 0) elem.innerHTML = msg1; else elem.innerHTML = msg2;
  }

}

function toggleAllBoxes() {
  if (document.getElementsByTagName) {
    d = document.getElementsByTagName('div');
    for (i = 0; i < d.length; i++) {
      if (d[i].className == 'log') {
        flip(d[i]);
      }
    }
  }
}

// -->
</script>

</head>
<body>
<h2 align='center'>RegistrationProcessor Tests</h2><table border='1' align="center">
<tr>
<td>Tests passed/Failed/Skipped:</td><td>17/3/0</td>
</tr><tr>
<td>Started on:</td><td>Fri Jul 12 15:44:10 IST 2019</td>
</tr>
<tr><td>Total time:</td><td>685 seconds (685388 ms)</td>
</tr><tr>
<td>Included groups:</td><td></td>
</tr><tr>
<td>Excluded groups:</td><td></td>
</tr>
</table><p/>
<small><i>(Hover the method name to see the test class name)</i></small><p/>
<table width='100%' border='1' class='invocation-failed'>
<tr><td colspan='4' align='center'><b>FAILED TESTS</b></td></tr>
<tr><td><b>Test method</b></td>
<td width="30%"><b>Exception</b></td>
<td width="10%"><b>Time (seconds)</b></td>
<td><b>Instance</b></td>
</tr>
<tr>
<td title='io.mosip.registrationProcessor.tests.StageValidationTests.RegProc_Stagevalidation_ID.jsonDeletedPacket_PacketValidator()'><b>RegProc_Stagevalidation_ID.jsonDeletedPacket_PacketValidator</b><br>Test class: io.mosip.registrationProcessor.tests.StageValidationTests (RegProc_Stagevalidation_packet_osi_hash.txtDeletedpacket_PacketValidator)<br>Parameters: [Ljava.io.File;@4cddc3d9</td>
<td><div><pre>java.lang.AssertionError: The following asserts failed:
	expected [true] but found [false]
	at io.mosip.registrationProcessor.tests.StageValidationTests.packetValidatorStage(StageValidationTests.java:200)
	at io.mosip.testrunner.MosipTestRunner.startTestRunner(MosipTestRunner.java:42)
	at io.mosip.testrunner.MosipTestRunner.main(MosipTestRunner.java:30)
... Removed 23 stack frames</pre></div><a href='#' onClick='toggleBox("stack-trace1357174989", this, "Click to show all stack frames", "Click to hide stack frames")'>Click to show all stack frames</a>
<div class='stack-trace' id='stack-trace1357174989'><pre>java.lang.AssertionError: The following asserts failed:
	expected [true] but found [false]
	at org.testng.asserts.SoftAssert.assertAll(SoftAssert.java:43)
	at io.mosip.registrationProcessor.tests.StageValidationTests.packetValidatorStage(StageValidationTests.java:200)
	at sun.reflect.NativeMethodAccessorImpl.invoke0(Native Method)
	at sun.reflect.NativeMethodAccessorImpl.invoke(NativeMethodAccessorImpl.java:62)
	at sun.reflect.DelegatingMethodAccessorImpl.invoke(DelegatingMethodAccessorImpl.java:43)
	at java.lang.reflect.Method.invoke(Method.java:498)
	at org.testng.internal.MethodInvocationHelper.invokeMethod(MethodInvocationHelper.java:108)
	at org.testng.internal.Invoker.invokeMethod(Invoker.java:661)
	at org.testng.internal.Invoker.invokeTestMethod(Invoker.java:869)
	at org.testng.internal.Invoker.invokeTestMethods(Invoker.java:1193)
	at org.testng.internal.TestMethodWorker.invokeTestMethods(TestMethodWorker.java:126)
	at org.testng.internal.TestMethodWorker.run(TestMethodWorker.java:109)
	at org.testng.TestRunner.privateRun(TestRunner.java:744)
	at org.testng.TestRunner.run(TestRunner.java:602)
	at org.testng.SuiteRunner.runTest(SuiteRunner.java:380)
	at org.testng.SuiteRunner.runSequentially(SuiteRunner.java:375)
	at org.testng.SuiteRunner.privateRun(SuiteRunner.java:340)
	at org.testng.SuiteRunner.run(SuiteRunner.java:289)
	at org.testng.SuiteRunnerWorker.runSuite(SuiteRunnerWorker.java:52)
	at org.testng.SuiteRunnerWorker.run(SuiteRunnerWorker.java:86)
	at org.testng.TestNG.runSuitesSequentially(TestNG.java:1301)
	at org.testng.TestNG.runSuitesLocally(TestNG.java:1226)
	at org.testng.TestNG.runSuites(TestNG.java:1144)
	at org.testng.TestNG.run(TestNG.java:1115)
	at io.mosip.testrunner.MosipTestRunner.startTestRunner(MosipTestRunner.java:42)
	at io.mosip.testrunner.MosipTestRunner.main(MosipTestRunner.java:30)
</pre></div></td>
<td>23</td>
<td>io.mosip.registrationProcessor.tests.StageValidationTests@515aebb0</td></tr>
<tr>
<td title='io.mosip.registrationProcessor.tests.StageValidationTests.RegProc_Stagevalidation_audit.jsonDeletedpacket_PacketValidator()'><b>RegProc_Stagevalidation_audit.jsonDeletedpacket_PacketValidator</b><br>Test class: io.mosip.registrationProcessor.tests.StageValidationTests (RegProc_Stagevalidation_packet_osi_hash.txtDeletedpacket_PacketValidator)<br>Parameters: [Ljava.io.File;@2bd158ea</td>
<td><div><pre>java.lang.AssertionError: The following asserts failed:
	expected [true] but found [false]
	at io.mosip.registrationProcessor.tests.StageValidationTests.packetValidatorStage(StageValidationTests.java:200)
	at io.mosip.testrunner.MosipTestRunner.startTestRunner(MosipTestRunner.java:42)
	at io.mosip.testrunner.MosipTestRunner.main(MosipTestRunner.java:30)
... Removed 23 stack frames</pre></div><a href='#' onClick='toggleBox("stack-trace1193587393", this, "Click to show all stack frames", "Click to hide stack frames")'>Click to show all stack frames</a>
<div class='stack-trace' id='stack-trace1193587393'><pre>java.lang.AssertionError: The following asserts failed:
	expected [true] but found [false]
	at org.testng.asserts.SoftAssert.assertAll(SoftAssert.java:43)
	at io.mosip.registrationProcessor.tests.StageValidationTests.packetValidatorStage(StageValidationTests.java:200)
	at sun.reflect.NativeMethodAccessorImpl.invoke0(Native Method)
	at sun.reflect.NativeMethodAccessorImpl.invoke(NativeMethodAccessorImpl.java:62)
	at sun.reflect.DelegatingMethodAccessorImpl.invoke(DelegatingMethodAccessorImpl.java:43)
	at java.lang.reflect.Method.invoke(Method.java:498)
	at org.testng.internal.MethodInvocationHelper.invokeMethod(MethodInvocationHelper.java:108)
	at org.testng.internal.Invoker.invokeMethod(Invoker.java:661)
	at org.testng.internal.Invoker.invokeTestMethod(Invoker.java:869)
	at org.testng.internal.Invoker.invokeTestMethods(Invoker.java:1193)
	at org.testng.internal.TestMethodWorker.invokeTestMethods(TestMethodWorker.java:126)
	at org.testng.internal.TestMethodWorker.run(TestMethodWorker.java:109)
	at org.testng.TestRunner.privateRun(TestRunner.java:744)
	at org.testng.TestRunner.run(TestRunner.java:602)
	at org.testng.SuiteRunner.runTest(SuiteRunner.java:380)
	at org.testng.SuiteRunner.runSequentially(SuiteRunner.java:375)
	at org.testng.SuiteRunner.privateRun(SuiteRunner.java:340)
	at org.testng.SuiteRunner.run(SuiteRunner.java:289)
	at org.testng.SuiteRunnerWorker.runSuite(SuiteRunnerWorker.java:52)
	at org.testng.SuiteRunnerWorker.run(SuiteRunnerWorker.java:86)
	at org.testng.TestNG.runSuitesSequentially(TestNG.java:1301)
	at org.testng.TestNG.runSuitesLocally(TestNG.java:1226)
	at org.testng.TestNG.runSuites(TestNG.java:1144)
	at org.testng.TestNG.run(TestNG.java:1115)
	at io.mosip.testrunner.MosipTestRunner.startTestRunner(MosipTestRunner.java:42)
	at io.mosip.testrunner.MosipTestRunner.main(MosipTestRunner.java:30)
</pre></div></td>
<td>21</td>
<td>io.mosip.registrationProcessor.tests.StageValidationTests@515aebb0</td></tr>
<tr>
<td title='io.mosip.registrationProcessor.tests.StageValidationTests.RegProc_Stagevalidation_packet_osi_hash.txtDeletedpacket_PacketValidator()'><b>RegProc_Stagevalidation_packet_osi_hash.txtDeletedpacket_PacketValidator</b><br>Test class: io.mosip.registrationProcessor.tests.StageValidationTests (RegProc_Stagevalidation_packet_osi_hash.txtDeletedpacket_PacketValidator)<br>Parameters: [Ljava.io.File;@4d1f168</td>
<td><div><pre>java.lang.AssertionError: The following asserts failed:
	expected [true] but found [false],
	expected [true] but found [false]
	at io.mosip.registrationProcessor.tests.StageValidationTests.packetValidatorStage(StageValidationTests.java:200)
	at io.mosip.testrunner.MosipTestRunner.startTestRunner(MosipTestRunner.java:42)
	at io.mosip.testrunner.MosipTestRunner.main(MosipTestRunner.java:30)
... Removed 23 stack frames</pre></div><a href='#' onClick='toggleBox("stack-trace2046967348", this, "Click to show all stack frames", "Click to hide stack frames")'>Click to show all stack frames</a>
<div class='stack-trace' id='stack-trace2046967348'><pre>java.lang.AssertionError: The following asserts failed:
	expected [true] but found [false],
	expected [true] but found [false]
	at org.testng.asserts.SoftAssert.assertAll(SoftAssert.java:43)
	at io.mosip.registrationProcessor.tests.StageValidationTests.packetValidatorStage(StageValidationTests.java:200)
	at sun.reflect.NativeMethodAccessorImpl.invoke0(Native Method)
	at sun.reflect.NativeMethodAccessorImpl.invoke(NativeMethodAccessorImpl.java:62)
	at sun.reflect.DelegatingMethodAccessorImpl.invoke(DelegatingMethodAccessorImpl.java:43)
	at java.lang.reflect.Method.invoke(Method.java:498)
	at org.testng.internal.MethodInvocationHelper.invokeMethod(MethodInvocationHelper.java:108)
	at org.testng.internal.Invoker.invokeMethod(Invoker.java:661)
	at org.testng.internal.Invoker.invokeTestMethod(Invoker.java:869)
	at org.testng.internal.Invoker.invokeTestMethods(Invoker.java:1193)
	at org.testng.internal.TestMethodWorker.invokeTestMethods(TestMethodWorker.java:126)
	at org.testng.internal.TestMethodWorker.run(TestMethodWorker.java:109)
	at org.testng.TestRunner.privateRun(TestRunner.java:744)
	at org.testng.TestRunner.run(TestRunner.java:602)
	at org.testng.SuiteRunner.runTest(SuiteRunner.java:380)
	at org.testng.SuiteRunner.runSequentially(SuiteRunner.java:375)
	at org.testng.SuiteRunner.privateRun(SuiteRunner.java:340)
	at org.testng.SuiteRunner.run(SuiteRunner.java:289)
	at org.testng.SuiteRunnerWorker.runSuite(SuiteRunnerWorker.java:52)
	at org.testng.SuiteRunnerWorker.run(SuiteRunnerWorker.java:86)
	at org.testng.TestNG.runSuitesSequentially(TestNG.java:1301)
	at org.testng.TestNG.runSuitesLocally(TestNG.java:1226)
	at org.testng.TestNG.runSuites(TestNG.java:1144)
	at org.testng.TestNG.run(TestNG.java:1115)
	at io.mosip.testrunner.MosipTestRunner.startTestRunner(MosipTestRunner.java:42)
	at io.mosip.testrunner.MosipTestRunner.main(MosipTestRunner.java:30)
</pre></div></td>
<td>20</td>
<td>io.mosip.registrationProcessor.tests.StageValidationTests@515aebb0</td></tr>
</table><p>
<table width='100%' border='1' class='invocation-passed'>
<tr><td colspan='4' align='center'><b>PASSED TESTS</b></td></tr>
<tr><td><b>Test method</b></td>
<td width="30%"><b>Exception</b></td>
<td width="10%"><b>Time (seconds)</b></td>
<td><b>Instance</b></td>
</tr>
<tr>
<td title='io.mosip.registrationProcessor.tests.StageValidationTests.RegProc_Stagevalidation_invalidapplicantType_OsiValidation()'><b>RegProc_Stagevalidation_invalidapplicantType_OsiValidation</b><br>Test class: io.mosip.registrationProcessor.tests.StageValidationTests (RegProc_Stagevalidation_packet_osi_hash.txtDeletedpacket_PacketValidator)<br>Parameters: [Ljava.io.File;@28532753</td>
<td></td>
<td>24</td>
<td>io.mosip.registrationProcessor.tests.StageValidationTests@515aebb0</td></tr>
<tr>
<td title='io.mosip.registrationProcessor.tests.StageValidationTests.RegProc_Stagevalidation_invalidcenterId_OsiValidation()'><b>RegProc_Stagevalidation_invalidcenterId_OsiValidation</b><br>Test class: io.mosip.registrationProcessor.tests.StageValidationTests (RegProc_Stagevalidation_packet_osi_hash.txtDeletedpacket_PacketValidator)<br>Parameters: [Ljava.io.File;@21399e53</td>
<td></td>
<td>21</td>
<td>io.mosip.registrationProcessor.tests.StageValidationTests@515aebb0</td></tr>
<tr>
<td title='io.mosip.registrationProcessor.tests.StageValidationTests.RegProc_Stagevalidation_invaliddongleId_OsiValidation()'><b>RegProc_Stagevalidation_invaliddongleId_OsiValidation</b><br>Test class: io.mosip.registrationProcessor.tests.StageValidationTests (RegProc_Stagevalidation_packet_osi_hash.txtDeletedpacket_PacketValidator)<br>Parameters: [Ljava.io.File;@2a6871ad</td>
<td></td>
<td>21</td>
<td>io.mosip.registrationProcessor.tests.StageValidationTests@515aebb0</td></tr>
<tr>
<td title='io.mosip.registrationProcessor.tests.StageValidationTests.RegProc_Stagevalidation_invalidgeoLocLatitude_OsiValidation()'><b>RegProc_Stagevalidation_invalidgeoLocLatitude_OsiValidation</b><br>Test class: io.mosip.registrationProcessor.tests.StageValidationTests (RegProc_Stagevalidation_packet_osi_hash.txtDeletedpacket_PacketValidator)<br>Parameters: [Ljava.io.File;@260043d</td>
<td></td>
<td>20</td>
<td>io.mosip.registrationProcessor.tests.StageValidationTests@515aebb0</td></tr>
<tr>
<td title='io.mosip.registrationProcessor.tests.StageValidationTests.RegProc_Stagevalidation_invalidgeoLoclongitude_OsiValidation()'><b>RegProc_Stagevalidation_invalidgeoLoclongitude_OsiValidation</b><br>Test class: io.mosip.registrationProcessor.tests.StageValidationTests (RegProc_Stagevalidation_packet_osi_hash.txtDeletedpacket_PacketValidator)<br>Parameters: [Ljava.io.File;@3338d29d</td>
<td></td>
<td>20</td>
<td>io.mosip.registrationProcessor.tests.StageValidationTests@515aebb0</td></tr>
<tr>
<td title='io.mosip.registrationProcessor.tests.StageValidationTests.RegProc_Stagevalidation_invalidmacId_OsiValidation()'><b>RegProc_Stagevalidation_invalidmacId_OsiValidation</b><br>Test class: io.mosip.registrationProcessor.tests.StageValidationTests (RegProc_Stagevalidation_packet_osi_hash.txtDeletedpacket_PacketValidator)<br>Parameters: [Ljava.io.File;@5e1e19af</td>
<td></td>
<td>21</td>
<td>io.mosip.registrationProcessor.tests.StageValidationTests@515aebb0</td></tr>
<tr>
<td title='io.mosip.registrationProcessor.tests.StageValidationTests.RegProc_Stagevalidation_invalidmachineId_OsiValidation()'><b>RegProc_Stagevalidation_invalidmachineId_OsiValidation</b><br>Test class: io.mosip.registrationProcessor.tests.StageValidationTests (RegProc_Stagevalidation_packet_osi_hash.txtDeletedpacket_PacketValidator)<br>Parameters: [Ljava.io.File;@3792fed8</td>
<td></td>
<td>21</td>
<td>io.mosip.registrationProcessor.tests.StageValidationTests@515aebb0</td></tr>
<tr>
<td title='io.mosip.registrationProcessor.tests.StageValidationTests.RegProc_Stagevalidation_invalidpreviousRID_OsiValidation()'><b>RegProc_Stagevalidation_invalidpreviousRID_OsiValidation</b><br>Test class: io.mosip.registrationProcessor.tests.StageValidationTests (RegProc_Stagevalidation_packet_osi_hash.txtDeletedpacket_PacketValidator)<br>Parameters: [Ljava.io.File;@35d145fb</td>
<td></td>
<td>20</td>
<td>io.mosip.registrationProcessor.tests.StageValidationTests@515aebb0</td></tr>
<tr>
<td title='io.mosip.registrationProcessor.tests.StageValidationTests.RegProc_Stagevalidation_invalidregistrationIdHash_OsiValidation()'><b>RegProc_Stagevalidation_invalidregistrationIdHash_OsiValidation</b><br>Test class: io.mosip.registrationProcessor.tests.StageValidationTests (RegProc_Stagevalidation_packet_osi_hash.txtDeletedpacket_PacketValidator)<br>Parameters: [Ljava.io.File;@4088c5e6</td>
<td></td>
<td>23</td>
<td>io.mosip.registrationProcessor.tests.StageValidationTests@515aebb0</td></tr>
<tr>
<td title='io.mosip.registrationProcessor.tests.StageValidationTests.RegProc_Stagevalidation_invaliduin_OsiValidation()'><b>RegProc_Stagevalidation_invaliduin_OsiValidation</b><br>Test class: io.mosip.registrationProcessor.tests.StageValidationTests (RegProc_Stagevalidation_packet_osi_hash.txtDeletedpacket_PacketValidator)<br>Parameters: [Ljava.io.File;@6e757f39</td>
<td></td>
<td>20</td>
<td>io.mosip.registrationProcessor.tests.StageValidationTests@515aebb0</td></tr>
<tr>
<td title='io.mosip.registrationProcessor.tests.UpdatePacket.RegProc_UpdatePacketApi_regProc_UpdateUINInvalid()'><b>RegProc_UpdatePacketApi_regProc_UpdateUINInvalid</b><br>Test class: io.mosip.registrationProcessor.tests.UpdatePacket (RegProc_UpdatePacketApi_regProc_UpdateUINInvalid)<br>Parameters: regProc/UpdatePacket, 6, {"jiraId":"MOS-1006","testType":"regression","testCaseName":"regProc_UpdateUINInvalid","UpdateUINInvalid":"invalid","status":""}</td>
<td></td>
<td>5</td>
<td>io.mosip.registrationProcessor.tests.UpdatePacket@dd8ba08</td></tr>
<tr>
<td title='io.mosip.registrationProcessor.tests.UpdatePacket.RegProc_UpdatePacketApi_regProc_UpdateaddressLine1_smoke()'><b>RegProc_UpdatePacketApi_regProc_UpdateaddressLine1_smoke</b><br>Test class: io.mosip.registrationProcessor.tests.UpdatePacket (RegProc_UpdatePacketApi_regProc_UpdateUINInvalid)<br>Parameters: regProc/UpdatePacket, 0, {"jiraId":"MOS-1000","testType":"smoke","testCaseName":"regProc_UpdateaddressLine1_smoke","UpdateUINInvalid":"valid","status":""}</td>
<td></td>
<td>4</td>
<td>io.mosip.registrationProcessor.tests.UpdatePacket@dd8ba08</td></tr>
<tr>
<td title='io.mosip.registrationProcessor.tests.UpdatePacket.RegProc_UpdatePacketApi_regProc_Updatebio&fullName_smoke()'><b>RegProc_UpdatePacketApi_regProc_Updatebio&fullName_smoke</b><br>Test class: io.mosip.registrationProcessor.tests.UpdatePacket (RegProc_UpdatePacketApi_regProc_UpdateUINInvalid)<br>Parameters: regProc/UpdatePacket, 1, {"jiraId":"MOS-1001","testType":"smoke","testCaseName":"regProc_Updatebio&fullName_smoke","UpdateUINInvalid":"valid","status":""}</td>
<td></td>
<td>4</td>
<td>io.mosip.registrationProcessor.tests.UpdatePacket@dd8ba08</td></tr>
<tr>
<td title='io.mosip.registrationProcessor.tests.UpdatePacket.RegProc_UpdatePacketApi_regProc_UpdatedateOfBirth_smoke()'><b>RegProc_UpdatePacketApi_regProc_UpdatedateOfBirth_smoke</b><br>Test class: io.mosip.registrationProcessor.tests.UpdatePacket (RegProc_UpdatePacketApi_regProc_UpdateUINInvalid)<br>Parameters: regProc/UpdatePacket, 2, {"jiraId":"MOS-1002","testType":"smoke","testCaseName":"regProc_UpdatedateOfBirth_smoke","UpdateUINInvalid":"valid","status":""}</td>
<td></td>
<td>4</td>
<td>io.mosip.registrationProcessor.tests.UpdatePacket@dd8ba08</td></tr>
<tr>
<td title='io.mosip.registrationProcessor.tests.UpdatePacket.RegProc_UpdatePacketApi_regProc_Updateemail_smoke()'><b>RegProc_UpdatePacketApi_regProc_Updateemail_smoke</b><br>Test class: io.mosip.registrationProcessor.tests.UpdatePacket (RegProc_UpdatePacketApi_regProc_UpdateUINInvalid)<br>Parameters: regProc/UpdatePacket, 3, {"jiraId":"MOS-1003","testType":"smoke","testCaseName":"regProc_Updateemail_smoke","UpdateUINInvalid":"valid","status":""}</td>
<td></td>
<td>7</td>
<td>io.mosip.registrationProcessor.tests.UpdatePacket@dd8ba08</td></tr>
<tr>
<td title='io.mosip.registrationProcessor.tests.UpdatePacket.RegProc_UpdatePacketApi_regProc_UpdatefullName_smoke()'><b>RegProc_UpdatePacketApi_regProc_UpdatefullName_smoke</b><br>Test class: io.mosip.registrationProcessor.tests.UpdatePacket (RegProc_UpdatePacketApi_regProc_UpdateUINInvalid)<br>Parameters: regProc/UpdatePacket, 4, {"jiraId":"MOS-1004","testType":"smoke","testCaseName":"regProc_UpdatefullName_smoke","UpdateUINInvalid":"valid","status":""}</td>
<td></td>
<td>5</td>
<td>io.mosip.registrationProcessor.tests.UpdatePacket@dd8ba08</td></tr>
<tr>
<td title='io.mosip.registrationProcessor.tests.UpdatePacket.RegProc_UpdatePacketApi_regProc_Updatephone_smoke()'><b>RegProc_UpdatePacketApi_regProc_Updatephone_smoke</b><br>Test class: io.mosip.registrationProcessor.tests.UpdatePacket (RegProc_UpdatePacketApi_regProc_UpdateUINInvalid)<br>Parameters: regProc/UpdatePacket, 5, {"jiraId":"MOS-1005","testType":"smoke","testCaseName":"regProc_Updatephone_smoke","UpdateUINInvalid":"valid","status":""}</td>
<td></td>
<td>4</td>
<td>io.mosip.registrationProcessor.tests.UpdatePacket@dd8ba08</td></tr>
</table><p>
</body>
</html>