<?xml version="1.0" encoding="UTF-8"?>
<!-- Generated by org.testng.reporters.JUnitXMLReporter -->
<testsuite hostname="A2ML20178" ignored="2" name="RegistrationProcessor Tests" tests="20" failures="3" timestamp="12 Jul 2019 10:25:35 GMT" time="685.388" errors="0">
  <testcase name="RegProc_Stagevalidation_invalidapplicantType_OsiValidation" time="24.437" classname="io.mosip.registrationProcessor.tests.StageValidationTests"/>
  <testcase name="RegProc_Stagevalidation_invalidcenterId_OsiValidation" time="21.086" classname="io.mosip.registrationProcessor.tests.StageValidationTests"/>
  <testcase name="RegProc_Stagevalidation_invaliddongleId_OsiValidation" time="21.164" classname="io.mosip.registrationProcessor.tests.StageValidationTests"/>
  <testcase name="RegProc_Stagevalidation_invalidgeoLocLatitude_OsiValidation" time="20.741" classname="io.mosip.registrationProcessor.tests.StageValidationTests"/>
  <testcase name="RegProc_Stagevalidation_invalidgeoLoclongitude_OsiValidation" time="20.696" classname="io.mosip.registrationProcessor.tests.StageValidationTests"/>
  <testcase name="RegProc_Stagevalidation_invalidmachineId_OsiValidation" time="21.888" classname="io.mosip.registrationProcessor.tests.StageValidationTests"/>
  <testcase name="RegProc_Stagevalidation_invalidmacId_OsiValidation" time="21.403" classname="io.mosip.registrationProcessor.tests.StageValidationTests"/>
  <testcase name="RegProc_Stagevalidation_invalidpreviousRID_OsiValidation" time="20.879" classname="io.mosip.registrationProcessor.tests.StageValidationTests"/>
  <testcase name="RegProc_Stagevalidation_invalidregistrationIdHash_OsiValidation" time="23.817" classname="io.mosip.registrationProcessor.tests.StageValidationTests"/>
  <testcase name="RegProc_Stagevalidation_invaliduin_OsiValidation" time="20.894" classname="io.mosip.registrationProcessor.tests.StageValidationTests"/>
  <testcase name="RegProc_Stagevalidation_audit.jsonDeletedpacket_PacketValidator" time="21.09" classname="io.mosip.registrationProcessor.tests.StageValidationTests">
    <failure type="java.lang.AssertionError" message="The following asserts failed:
	expected [true] but found [false]">
      <![CDATA[java.lang.AssertionError: The following asserts failed:
	expected [true] but found [false]
	at io.mosip.registrationProcessor.tests.StageValidationTests.packetValidatorStage(StageValidationTests.java:200)
	at io.mosip.testrunner.MosipTestRunner.startTestRunner(MosipTestRunner.java:42)
	at io.mosip.testrunner.MosipTestRunner.main(MosipTestRunner.java:30)
... Removed 23 stack frames]]>
    </failure>
  </testcase> <!-- RegProc_Stagevalidation_audit.jsonDeletedpacket_PacketValidator -->
  <testcase name="RegProc_Stagevalidation_ID.jsonDeletedPacket_PacketValidator" time="23.184" classname="io.mosip.registrationProcessor.tests.StageValidationTests">
    <failure type="java.lang.AssertionError" message="The following asserts failed:
	expected [true] but found [false]">
      <![CDATA[java.lang.AssertionError: The following asserts failed:
	expected [true] but found [false]
	at io.mosip.registrationProcessor.tests.StageValidationTests.packetValidatorStage(StageValidationTests.java:200)
	at io.mosip.testrunner.MosipTestRunner.startTestRunner(MosipTestRunner.java:42)
	at io.mosip.testrunner.MosipTestRunner.main(MosipTestRunner.java:30)
... Removed 23 stack frames]]>
    </failure>
  </testcase> <!-- RegProc_Stagevalidation_ID.jsonDeletedPacket_PacketValidator -->
  <testcase name="RegProc_Stagevalidation_packet_osi_hash.txtDeletedpacket_PacketValidator" time="20.572" classname="io.mosip.registrationProcessor.tests.StageValidationTests">
    <failure type="java.lang.AssertionError" message="The following asserts failed:
	expected [true] but found [false],
	expected [true] but found [false]">
      <![CDATA[java.lang.AssertionError: The following asserts failed:
	expected [true] but found [false],
	expected [true] but found [false]
	at io.mosip.registrationProcessor.tests.StageValidationTests.packetValidatorStage(StageValidationTests.java:200)
	at io.mosip.testrunner.MosipTestRunner.startTestRunner(MosipTestRunner.java:42)
	at io.mosip.testrunner.MosipTestRunner.main(MosipTestRunner.java:30)
... Removed 23 stack frames]]>
    </failure>
  </testcase> <!-- RegProc_Stagevalidation_packet_osi_hash.txtDeletedpacket_PacketValidator -->
  <testcase name="RegProc_UpdatePacketApi_regProc_UpdateaddressLine1_smoke" time="4.496" classname="io.mosip.registrationProcessor.tests.UpdatePacket"/>
  <testcase name="RegProc_UpdatePacketApi_regProc_Updatebio&amp;fullName_smoke" time="4.416" classname="io.mosip.registrationProcessor.tests.UpdatePacket"/>
  <testcase name="RegProc_UpdatePacketApi_regProc_UpdatedateOfBirth_smoke" time="4.378" classname="io.mosip.registrationProcessor.tests.UpdatePacket"/>
  <testcase name="RegProc_UpdatePacketApi_regProc_Updateemail_smoke" time="7.624" classname="io.mosip.registrationProcessor.tests.UpdatePacket"/>
  <testcase name="RegProc_UpdatePacketApi_regProc_UpdatefullName_smoke" time="5.343" classname="io.mosip.registrationProcessor.tests.UpdatePacket"/>
  <testcase name="RegProc_UpdatePacketApi_regProc_Updatephone_smoke" time="4.617" classname="io.mosip.registrationProcessor.tests.UpdatePacket"/>
  <testcase name="RegProc_UpdatePacketApi_regProc_UpdateUINInvalid" time="5.301" classname="io.mosip.registrationProcessor.tests.UpdatePacket"/>
  <testcase name="@BeforeSuite suiteSetup" time="0.0" classname="io.mosip.service.BaseTestCase">
    <ignored/>
  </testcase> <!-- @BeforeSuite suiteSetup -->
  <testcase name="@AfterSuite testTearDown" time="0.0" classname="io.mosip.service.BaseTestCase">
    <ignored/>
  </testcase> <!-- @AfterSuite testTearDown -->
</testsuite> <!-- RegistrationProcessor Tests -->
