<?xml version="1.0" encoding="UTF-8"?>
<!-- Generated by org.testng.reporters.JUnitReportReporter -->
<testsuite hostname="B2ML30358" failures="1" tests="13" name="io.mosip.authentication.tests.DemographicAuthentication" time="175.770" errors="0" timestamp="27 May 2019 07:38:23 GMT" skipped="0">
  <testcase classname="io.mosip.authentication.tests.DemographicAuthentication" name="Authentication_Demographic_DateOfBirth_smoke_For IntegrationTest_UIN_Pos_01" time="19.561"/>
  <testcase classname="io.mosip.authentication.tests.DemographicAuthentication" name="Authentication_Demographic_DateOfBirth_Invalid UIN_Neg_02" time="2.822"/>
  <testcase classname="io.mosip.authentication.tests.DemographicAuthentication" name="Authentication_Demographic_Name_Male_Tittle_Normalisation_Smoke_For IntegrationTest_UIN_Pos_01" time="27.377"/>
  <testcase classname="io.mosip.authentication.tests.DemographicAuthentication" name="Authentication_Demographic_Gender_With arabic language_smoke_For IntegrationTest_UIN_Pos_02" time="20.233"/>
  <testcase classname="io.mosip.authentication.tests.DemographicAuthentication" name="Authentication_Demographic_EmailId_Invalid UIN_Neg_02" time="2.100"/>
  <testcase classname="io.mosip.authentication.tests.DemographicAuthentication" name="Authentication_Demographic_PhoneNumber_Invalid UIN_Neg_02" time="3.418"/>
  <testcase classname="io.mosip.authentication.tests.DemographicAuthentication" name="Authentication_Demographic_Name_mistmatch_Neg" time="15.114"/>
  <testcase classname="io.mosip.authentication.tests.DemographicAuthentication" name="Authentication_Demographic_Address_With_fra and ara_IntegrationTest_smoke_pos_01" time="20.803"/>
  <testcase classname="io.mosip.authentication.tests.DemographicAuthentication" name="Authentication_Demographic_Address_With_fra_IntegrationTest_smoke_pos_02" time="12.922"/>
  <testcase classname="io.mosip.authentication.tests.DemographicAuthentication" name="Authentication_Demographic_EmailId_smoke_For IntegrationTest_UIN_Pos_01" time="3.437">
    <failure message="expected [true] but found [false]" type="java.lang.AssertionError">
      <![CDATA[java.lang.AssertionError: expected [true] but found [false]
at org.testng.Assert.fail(Assert.java:96)
at org.testng.Assert.failNotEquals(Assert.java:776)
at org.testng.Assert.assertEqualsImpl(Assert.java:137)
at org.testng.Assert.assertEquals(Assert.java:118)
at org.testng.Assert.assertEquals(Assert.java:568)
at org.testng.Assert.assertEquals(Assert.java:578)
at io.mosip.authentication.tests.DemographicAuthentication.demographicAuthenticationTest(DemographicAuthentication.java:183)
at java.base/jdk.internal.reflect.NativeMethodAccessorImpl.invoke0(Native Method)
at java.base/jdk.internal.reflect.NativeMethodAccessorImpl.invoke(Unknown Source)
at java.base/jdk.internal.reflect.DelegatingMethodAccessorImpl.invoke(Unknown Source)
at java.base/java.lang.reflect.Method.invoke(Unknown Source)
at org.testng.internal.MethodInvocationHelper.invokeMethod(MethodInvocationHelper.java:124)
at org.testng.internal.Invoker.invokeMethod(Invoker.java:580)
at org.testng.internal.Invoker.invokeTestMethod(Invoker.java:716)
at org.testng.internal.Invoker.invokeTestMethods(Invoker.java:988)
at org.testng.internal.TestMethodWorker.invokeTestMethods(TestMethodWorker.java:125)
at org.testng.internal.TestMethodWorker.run(TestMethodWorker.java:109)
at org.testng.TestRunner.privateRun(TestRunner.java:648)
at org.testng.TestRunner.run(TestRunner.java:505)
at org.testng.SuiteRunner.runTest(SuiteRunner.java:455)
at org.testng.SuiteRunner.runSequentially(SuiteRunner.java:450)
at org.testng.SuiteRunner.privateRun(SuiteRunner.java:415)
at org.testng.SuiteRunner.run(SuiteRunner.java:364)
at org.testng.SuiteRunnerWorker.runSuite(SuiteRunnerWorker.java:52)
at org.testng.SuiteRunnerWorker.run(SuiteRunnerWorker.java:84)
at org.testng.TestNG.runSuitesSequentially(TestNG.java:1208)
at org.testng.TestNG.runSuitesLocally(TestNG.java:1137)
at org.testng.TestNG.runSuites(TestNG.java:1049)
at org.testng.TestNG.run(TestNG.java:1017)
at io.mosip.service.AuthenticationTestRunner.main(AuthenticationTestRunner.java:25)
]]>
    </failure>
  </testcase> <!-- Authentication_Demographic_EmailId_smoke_For IntegrationTest_UIN_Pos_01 -->
  <testcase classname="io.mosip.authentication.tests.DemographicAuthentication" name="Authentication_Demographic_Gender_With both language_smoke_For IntegrationTest_UIN_Pos_01" time="21.543"/>
  <testcase classname="io.mosip.authentication.tests.DemographicAuthentication" name="Authentication_Demographic_PhoneNumber_smoke_For IntegrationTest_UIN_Pos_01" time="13.254"/>
  <testcase classname="io.mosip.authentication.tests.DemographicAuthentication" name="Authentication_Demographic_Age_smoke_For IntegrationTest_UIN_Pos" time="13.186"/>
</testsuite> <!-- io.mosip.authentication.tests.DemographicAuthentication -->
